\node[label={[label distance = -3mm]160:$p$}] at (26.00, 0.00) {\textbullet};
\node[label={[label distance = -3mm]160:$q$}] at (29.00, 1.00) {\textbullet};
\node[label={[label distance = -3mm]160:$a$}] at (20.00, 5.00) {\textbullet};
\node[label={[label distance = -3mm]160:$b$}] at (22.00, 5.00) {\textbullet};
\node[label={[label distance = -3mm]160:$c$}] at (24.00, 5.00) {\textbullet};
\node[label={[label distance = -3mm]160:$d$}] at (30.00, 4.00) {\textbullet};
\node[label={[label distance = -3mm]160:$e$}] at (28.00, 4.00) {\textbullet};

% d cone
\draw (30.00, 4.00) -- (34.00, 1.69);
\draw (30.00, 4.00) -- (34.00, 6.31);
% q cone
\draw (29.00, 1.00) -- (34.00, -1.89);
\draw (29.00, 1.00) -- (32.10, 2.79);
% e cone
\draw (28.00, 4.00) -- (31.10, 2.21);
\draw (28.00, 4.00) -- (34.00, 7.46);
% p cone
\draw (26.00, 0.00) -- (34.00, -4.62);
\draw (26.00, 0.00) -- (30.46, 2.58);
% c cone
\draw (24.00, 5.00) -- (29.33, 1.92);
\draw (24.00, 5.00) -- (34.00, 10.77);
% b cone
\draw (22.00, 5.00) -- (28.33, 1.35);
\draw (22.00, 5.00) -- (34.00, 11.93);
% a cone
\draw (20.00, 5.00) -- (27.33, 0.77);
\draw (20.00, 5.00) -- (34.00, 13.08);
