\node[label={[label distance = -3mm]160:$p$}] at (26.00, 0.00) {\textbullet};
\node[label={[label distance = -3mm]160:$q$}] at (29.00, 1.00) {\textbullet};
\node[label={[label distance = -3mm]160:$a$}] at (20.00, 5.00) {\textbullet};
\node[label={[label distance = -3mm]160:$b$}] at (22.00, 5.00) {\textbullet};
\node[label={[label distance = -3mm]160:$c$}] at (24.00, 5.00) {\textbullet};
\node[label={[label distance = -3mm]160:$d$}] at (30.00, 4.00) {\textbullet};

% d cone
\draw (30.00, 4.00) -- (35.00, 1.11);
\draw (30.00, 4.00) -- (35.00, 6.89);
% q cone
\draw (29.00, 1.00) -- (35.00, -2.46);
\draw (29.00, 1.00) -- (32.10, 2.79);
% p cone
\draw (26.00, 0.00) -- (35.00, -5.20);
\draw (26.00, 0.00) -- (31.46, 3.15);
% c cone
\draw (24.00, 5.00) -- (29.33, 1.92);
\draw (24.00, 5.00) -- (35.00, 11.35);
% b cone
\draw (22.00, 5.00) -- (28.33, 1.35);
\draw (22.00, 5.00) -- (35.00, 12.51);
% a cone
\draw (20.00, 5.00) -- (27.33, 0.77);
\draw (20.00, 5.00) -- (35.00, 13.66);
